<?xml version="1.0" encoding="UTF-8"?>
<testng-results ignored="0" total="1" passed="1" failed="0" skipped="0">
  <reporter-output>
  </reporter-output>
  <suite started-at="2025-05-21T23:38:15 IST" name="SuiteName" finished-at="2025-05-21T23:38:23 IST" duration-ms="7490">
    <groups>
      <group name="cucumber">
        <method signature="AbstractTestNGCucumberTests.runScenario(io.cucumber.testng.PickleWrapper,io.cucumber.testng.FeatureWrapper)[pri:0, instance:selenium_project.cucumber.TestNGTestRunner@294425a7]" name="runScenario" class="io.cucumber.testng.AbstractTestNGCucumberTests"/>
      </group> <!-- cucumber -->
    </groups>
    <test started-at="2025-05-21T23:38:15 IST" name="Submit Order Test" finished-at="2025-05-21T23:38:23 IST" duration-ms="7490">
      <class name="selenium_project.cucumber.TestNGTestRunner">
        <test-method is-config="true" signature="setUpClass(org.testng.ITestContext)[pri:0, instance:selenium_project.cucumber.TestNGTestRunner@294425a7]" started-at="2025-05-21T23:38:15 IST" name="setUpClass" finished-at="2025-05-21T23:38:16 IST" duration-ms="725" status="PASS">
          <params>
            <param index="0">
              <value>
                <![CDATA[org.testng.TestRunner@1422ac7f]]>
              </value>
            </param>
          </params>
          <reporter-output>
          </reporter-output>
        </test-method> <!-- setUpClass -->
        <test-method signature="runScenario(io.cucumber.testng.PickleWrapper,io.cucumber.testng.FeatureWrapper)[pri:0, instance:selenium_project.cucumber.TestNGTestRunner@294425a7]" started-at="2025-05-21T23:38:16 IST" name="runScenario" description="Runs Cucumber Scenarios" data-provider="scenarios" finished-at="2025-05-21T23:38:23 IST" duration-ms="6668" status="PASS">
          <params>
            <param index="0">
              <value>
                <![CDATA["Positive test of validating the order"]]>
              </value>
            </param>
            <param index="1">
              <value>
                <![CDATA["Error Validations"]]>
              </value>
            </param>
          </params>
          <reporter-output>
          </reporter-output>
        </test-method> <!-- runScenario -->
        <test-method is-config="true" signature="tearDownClass()[pri:0, instance:selenium_project.cucumber.TestNGTestRunner@294425a7]" started-at="2025-05-21T23:38:23 IST" name="tearDownClass" finished-at="2025-05-21T23:38:23 IST" duration-ms="42" status="PASS">
          <reporter-output>
          </reporter-output>
        </test-method> <!-- tearDownClass -->
      </class> <!-- selenium_project.cucumber.TestNGTestRunner -->
    </test> <!-- Submit Order Test -->
  </suite> <!-- SuiteName -->
</testng-results>
