<?xml version="1.0" encoding="UTF-8"?>
<!-- Generated by org.testng.reporters.JUnitXMLReporter -->
<testsuite ignored="0" hostname="DESKTOP-G5NHGS5" failures="0" tests="2" name="Error Validations Test" time="10.481" errors="0" timestamp="2025-05-21T11:50:19 IST">
  <testcase classname="selenium_project.tests.ErrorValidations" name="loginErrorValidation" time="1.877"/>
  <testcase classname="selenium_project.tests.ErrorValidations" name="productVerificationValidations" time="2.75"/>
</testsuite> <!-- Error Validations Test -->
